<?xml version="1.0" encoding="UTF-8"?>
<!-- Generated by org.testng.reporters.JUnitReportReporter -->
<testsuite hostname="Sandhu-Laptop" failures="0" tests="6" name="demoP.day3" time="0.017" errors="0" timestamp="2022-12-26T21:06:56 MST" skipped="0">
  <testcase classname="demoP.day3" name="tvLoan" time="0.003"/>
  <system-out/>
  <testcase classname="demoP.day3" name="tvLoan" time="0.002"/>
  <system-out/>
  <testcase classname="demoP.day3" name="bikeLoan" time="0.001"/>
  <system-out/>
  <testcase classname="demoP.day3" name="houseLoan" time="0.004"/>
  <system-out/>
  <testcase classname="demoP.day3" name="tvLoan" time="0.003"/>
  <system-out/>
  <testcase classname="demoP.day3" name="carLoan" time="0.004"/>
  <system-out/>
</testsuite> <!-- demoP.day3 -->
