<?xml version="1.0" encoding="UTF-8"?>
<!-- Generated by org.testng.reporters.JUnitReportReporter -->
<testsuite hostname="Sandhu-Laptop" failures="0" tests="1" name="demoP.byeTest" time="0.002" errors="0" timestamp="2022-12-26T21:06:56 MST" skipped="0">
  <testcase classname="demoP.byeTest" name="Demo2" time="0.002"/>
  <system-out/>
</testsuite> <!-- demoP.byeTest -->
