<?xml version="1.0" encoding="UTF-8"?>
<!-- Generated by org.testng.reporters.JUnitReportReporter -->
<testsuite hostname="Sandhu-Laptop" failures="0" tests="2" name="demoP.helloTest" time="0.012" errors="0" timestamp="2022-12-26T21:06:56 MST" skipped="0">
  <testcase classname="demoP.helloTest" name="Demo1" time="0.004"/>
  <system-out/>
  <testcase classname="demoP.helloTest" name="Demo" time="0.008"/>
  <system-out/>
</testsuite> <!-- demoP.helloTest -->
